{"D:\\firstreactproject\\SS_81\\day10\\src\\components\\Counter.jsx": {"path":"D:\\firstreactproject\\SS_81\\day10\\src\\components\\Counter.jsx","statementMap":{"0":{"start":{"line":4,"column":28},"end":{"line":4,"column":39}},"1":{"start":{"line":6,"column":2},"end":{"line":11,"column":4}},"2":{"start":{"line":9,"column":29},"end":{"line":9,"column":48}}},"fnMap":{"0":{"name":"Counter","decl":{"start":{"line":3,"column":24},"end":{"line":3,"column":31}},"loc":{"start":{"line":3,"column":34},"end":{"line":12,"column":1}},"line":3},"1":{"name":"(anonymous_1)","decl":{"start":{"line":9,"column":23},"end":{"line":9,"column":24}},"loc":{"start":{"line":9,"column":29},"end":{"line":9,"column":48}},"line":9}},"branchMap":{},"s":{"0":2,"1":2,"2":1},"f":{"0":2,"1":1},"b":{},"_coverageSchema":"1a1c01bbd47fc00a2c39e90264f33305004495a9","hash":"00fff25f20925af0779117d475b148bb9fee7b6b"}
}
